2022-11-01 03:42:43,123 INFO  [org.jboss.modules] (main) JBoss Modules version 1.12.0.Final-redhat-00001
2022-11-01 03:42:43,413 INFO  [org.jboss.msc] (main) JBoss MSC version 1.4.12.Final-redhat-00001
2022-11-01 03:42:43,418 INFO  [org.jboss.threads] (main) JBoss Threads version 2.4.0.Final-redhat-00001
2022-11-01 03:42:43,500 INFO  [org.jboss.as] (MSC service thread 1-2) WFLYSRV0049: JBoss EAP 7.4.0.GA (WildFly Core 15.0.2.Final-redhat-00001) starting
2022-11-01 03:42:43,502 DEBUG [org.jboss.as.config] (MSC service thread 1-2) Configured system properties:
	[Standalone] = 
	file.encoding = UTF-8
	file.separator = /
	java.awt.headless = true
	java.class.path = /home/ataxexe/middleware/jboss-eap-7.4/jboss-modules.jar
	java.class.version = 61.0
	java.home = /home/ataxexe/.asdf/installs/java/openjdk-17
	java.io.tmpdir = /tmp
	java.library.path = /usr/java/packages/lib:/usr/lib64:/lib64:/lib:/usr/lib
	java.net.preferIPv4Stack = true
	java.runtime.name = OpenJDK Runtime Environment
	java.runtime.version = 17+35-2724
	java.specification.name = Java Platform API Specification
	java.specification.vendor = Oracle Corporation
	java.specification.version = 17
	java.util.logging.manager = org.jboss.logmanager.LogManager
	java.vendor = Oracle Corporation
	java.vendor.url = https://java.oracle.com/
	java.vendor.url.bug = https://bugreport.java.com/bugreport/
	java.version = 17
	java.version.date = 2021-09-14
	java.vm.compressedOopsMode = 32-bit
	java.vm.info = mixed mode, sharing
	java.vm.name = OpenJDK 64-Bit Server VM
	java.vm.specification.name = Java Virtual Machine Specification
	java.vm.specification.vendor = Oracle Corporation
	java.vm.specification.version = 17
	java.vm.vendor = Oracle Corporation
	java.vm.version = 17+35-2724
	javax.management.builder.initial = org.jboss.as.jmx.PluggableMBeanServerBuilder
	jboss.home.dir = /home/ataxexe/middleware/jboss-eap-7.4
	jboss.host.name = aerolito
	jboss.modules.dir = /home/ataxexe/middleware/jboss-eap-7.4/modules
	jboss.modules.system.pkgs = org.jboss.byteman
	jboss.node.name = aerolito
	jboss.qualified.host.name = aerolito
	jboss.server.base.dir = /home/ataxexe/middleware/jboss-eap-7.4/standalone
	jboss.server.config.dir = /home/ataxexe/middleware/jboss-eap-7.4/standalone/configuration
	jboss.server.data.dir = /home/ataxexe/middleware/jboss-eap-7.4/standalone/data
	jboss.server.deploy.dir = /home/ataxexe/middleware/jboss-eap-7.4/standalone/data/content
	jboss.server.log.dir = /home/ataxexe/middleware/jboss-eap-7.4/standalone/log
	jboss.server.name = aerolito
	jboss.server.persist.config = true
	jboss.server.temp.dir = /home/ataxexe/middleware/jboss-eap-7.4/standalone/tmp
	jdk.debug = release
	line.separator = 

	logging.configuration = file:/home/ataxexe/middleware/jboss-eap-7.4/standalone/configuration/logging.properties
	module.path = /home/ataxexe/middleware/jboss-eap-7.4/modules
	native.encoding = UTF-8
	org.jboss.boot.log.file = /home/ataxexe/middleware/jboss-eap-7.4/standalone/log/server.log
	org.jboss.resolver.warning = true
	os.arch = amd64
	os.name = Linux
	os.version = 5.15.68.1-microsoft-standard-WSL2
	path.separator = :
	sun.arch.data.model = 64
	sun.boot.library.path = /home/ataxexe/.asdf/installs/java/openjdk-17/lib
	sun.cpu.endian = little
	sun.io.unicode.encoding = UnicodeLittle
	sun.java.command = /home/ataxexe/middleware/jboss-eap-7.4/jboss-modules.jar -mp /home/ataxexe/middleware/jboss-eap-7.4/modules org.jboss.as.standalone -Djboss.home.dir=/home/ataxexe/middleware/jboss-eap-7.4 -Djboss.server.base.dir=/home/ataxexe/middleware/jboss-eap-7.4/standalone
	sun.java.launcher = SUN_STANDARD
	sun.jnu.encoding = UTF-8
	sun.management.compiler = HotSpot 64-Bit Tiered Compilers
	sun.stderr.encoding = UTF-8
	user.country = US
	user.dir = /home/ataxexe/middleware/jboss-eap-7.4/bin
	user.home = /home/ataxexe
	user.language = en
	user.name = ataxexe
	user.timezone = Europe/Paris
2022-11-01 03:42:43,503 DEBUG [org.jboss.as.config] (MSC service thread 1-2) VM Arguments: -D[Standalone] -Xlog:gc*:file=/home/ataxexe/middleware/jboss-eap-7.4/standalone/log/gc.log:time,uptimemillis:filecount=5,filesize=3M -Xms1303m -Xmx1303m -XX:MetaspaceSize=96M -XX:MaxMetaspaceSize=256m -Djava.net.preferIPv4Stack=true -Djboss.modules.system.pkgs=org.jboss.byteman -Djava.awt.headless=true --add-exports=java.base/sun.nio.ch=ALL-UNNAMED --add-exports=jdk.unsupported/sun.misc=ALL-UNNAMED --add-exports=jdk.unsupported/sun.reflect=ALL-UNNAMED --add-exports=java.desktop/sun.awt=ALL-UNNAMED --add-exports=java.naming/com.sun.jndi.ldap=ALL-UNNAMED --add-exports=java.naming/com.sun.jndi.url.ldap=ALL-UNNAMED --add-exports=java.naming/com.sun.jndi.url.ldaps=ALL-UNNAMED --add-opens=java.base/java.lang=ALL-UNNAMED --add-opens=java.base/java.lang.invoke=ALL-UNNAMED --add-opens=java.base/java.lang.reflect=ALL-UNNAMED --add-opens=java.base/java.io=ALL-UNNAMED --add-opens=java.base/java.security=ALL-UNNAMED --add-opens=java.base/java.util=ALL-UNNAMED --add-opens=java.base/java.util.concurrent=ALL-UNNAMED --add-opens=java.management/javax.management=ALL-UNNAMED --add-opens=java.naming/javax.naming=ALL-UNNAMED -Dorg.jboss.boot.log.file=/home/ataxexe/middleware/jboss-eap-7.4/standalone/log/server.log -Dlogging.configuration=file:/home/ataxexe/middleware/jboss-eap-7.4/standalone/configuration/logging.properties 
2022-11-01 03:42:43,991 INFO  [org.wildfly.security] (ServerService Thread Pool -- 24) ELY00001: WildFly Elytron version 1.15.3.Final-redhat-00001
2022-11-01 03:42:44,183 INFO  [org.jboss.as.controller.management-deprecated] (ServerService Thread Pool -- 10) WFLYCTL0033: Extension 'security' is deprecated and may not be supported in future versions
2022-11-01 03:42:44,360 INFO  [org.jboss.as.controller.management-deprecated] (Controller Boot Thread) WFLYCTL0028: Attribute 'security-realm' in the resource at address '/core-service=management/management-interface=http-interface' is deprecated, and may be removed in a future version. See the attribute description in the output of the read-resource-description operation to learn more about the deprecation.
2022-11-01 03:42:44,376 INFO  [org.jboss.as.controller.management-deprecated] (ServerService Thread Pool -- 3) WFLYCTL0028: Attribute 'security-realm' in the resource at address '/subsystem=undertow/server=default-server/https-listener=https' is deprecated, and may be removed in a future version. See the attribute description in the output of the read-resource-description operation to learn more about the deprecation.
2022-11-01 03:42:44,416 INFO  [org.jboss.as.server] (Controller Boot Thread) WFLYSRV0039: Creating http management service using socket-binding (management-http)
2022-11-01 03:42:44,427 INFO  [org.xnio] (MSC service thread 1-8) XNIO version 3.8.4.Final-redhat-00001
2022-11-01 03:42:44,431 INFO  [org.xnio.nio] (MSC service thread 1-8) XNIO NIO Implementation Version 3.8.4.Final-redhat-00001
2022-11-01 03:42:44,455 INFO  [org.jboss.remoting] (MSC service thread 1-1) JBoss Remoting version 5.0.20.SP1-redhat-00001
2022-11-01 03:42:44,478 INFO  [org.jboss.as.clustering.infinispan] (ServerService Thread Pool -- 50) WFLYCLINF0001: Activating Infinispan subsystem.
2022-11-01 03:42:44,479 INFO  [org.wildfly.extension.io] (ServerService Thread Pool -- 51) WFLYIO001: Worker 'default' has auto-configured to 16 IO threads with 128 max task threads based on your 8 available processors
2022-11-01 03:42:44,483 INFO  [org.wildfly.extension.health] (ServerService Thread Pool -- 49) WFLYHEALTH0001: Activating Base Health Subsystem
2022-11-01 03:42:44,484 INFO  [org.jboss.as.jaxrs] (ServerService Thread Pool -- 52) WFLYRS0016: RESTEasy version 3.15.1.Final-redhat-00001
2022-11-01 03:42:44,490 INFO  [org.jboss.as.connector.subsystems.datasources] (ServerService Thread Pool -- 41) WFLYJCA0004: Deploying JDBC-compliant driver class org.h2.Driver (version 1.4)
2022-11-01 03:42:44,491 INFO  [org.jboss.as.naming] (ServerService Thread Pool -- 60) WFLYNAM0001: Activating Naming Subsystem
2022-11-01 03:42:44,495 INFO  [org.jboss.as.jsf] (ServerService Thread Pool -- 57) WFLYJSF0007: Activated the following Jakarta Server Faces Implementations: [main]
2022-11-01 03:42:44,500 INFO  [org.jboss.as.connector] (MSC service thread 1-2) WFLYJCA0009: Starting Jakarta Connectors Subsystem (WildFly/IronJacamar 1.4.30.Final-redhat-00001)
2022-11-01 03:42:44,504 INFO  [org.jboss.as.connector.deployers.jdbc] (MSC service thread 1-3) WFLYJCA0018: Started Driver service with driver-name = h2
2022-11-01 03:42:44,509 INFO  [org.jboss.as.webservices] (ServerService Thread Pool -- 70) WFLYWS0002: Activating WebServices Extension
2022-11-01 03:42:44,511 INFO  [org.jboss.as.naming] (MSC service thread 1-6) WFLYNAM0003: Starting Naming Service
2022-11-01 03:42:44,513 INFO  [org.jboss.as.security] (ServerService Thread Pool -- 66) WFLYSEC0002: Activating Security Subsystem
2022-11-01 03:42:44,506 WARN  [org.jboss.as.txn] (ServerService Thread Pool -- 68) WFLYTX0013: The node-identifier attribute on the /subsystem=transactions is set to the default value. This is a danger for environments running multiple servers. Please make sure the attribute value is unique.
2022-11-01 03:42:44,524 INFO  [org.jboss.as.mail.extension] (MSC service thread 1-6) WFLYMAIL0001: Bound mail session [java:jboss/mail/Default]
2022-11-01 03:42:44,525 INFO  [org.wildfly.extension.metrics] (ServerService Thread Pool -- 59) WFLYMETRICS0001: Activating Base Metrics Subsystem
2022-11-01 03:42:44,532 INFO  [org.jboss.as.security] (MSC service thread 1-5) WFLYSEC0001: Current PicketBox version=5.0.3.Final-redhat-00007
2022-11-01 03:42:44,537 INFO  [org.wildfly.extension.undertow] (MSC service thread 1-1) WFLYUT0003: Undertow 2.2.5.Final-redhat-00001 starting
2022-11-01 03:42:44,598 WARN  [org.wildfly.extension.elytron] (MSC service thread 1-2) WFLYELY00023: KeyStore file '/home/ataxexe/middleware/jboss-eap-7.4/standalone/configuration/application.keystore' does not exist. Used blank.
2022-11-01 03:42:44,612 WARN  [org.wildfly.extension.elytron] (MSC service thread 1-2) WFLYELY01084: KeyStore /home/ataxexe/middleware/jboss-eap-7.4/standalone/configuration/application.keystore not found, it will be auto generated on first use with a self-signed certificate for host localhost
2022-11-01 03:42:44,614 INFO  [org.wildfly.extension.undertow] (ServerService Thread Pool -- 69) WFLYUT0014: Creating file handler for path '/home/ataxexe/middleware/jboss-eap-7.4/welcome-content' with options [directory-listing: 'false', follow-symlink: 'false', case-sensitive: 'true', safe-symlink-paths: '[]']
2022-11-01 03:42:44,619 INFO  [org.wildfly.extension.undertow] (MSC service thread 1-2) WFLYUT0012: Started server default-server.
2022-11-01 03:42:44,620 INFO  [org.jboss.as.ejb3] (MSC service thread 1-8) WFLYEJB0482: Strict pool mdb-strict-max-pool is using a max instance size of 32 (per class), which is derived from the number of CPUs on this host.
2022-11-01 03:42:44,620 INFO  [org.jboss.as.ejb3] (MSC service thread 1-7) WFLYEJB0481: Strict pool slsb-strict-max-pool is using a max instance size of 128 (per class), which is derived from thread worker pool sizing.
2022-11-01 03:42:44,626 INFO  [org.wildfly.extension.undertow] (MSC service thread 1-7) Queuing requests.
2022-11-01 03:42:44,632 INFO  [org.wildfly.extension.undertow] (MSC service thread 1-7) WFLYUT0018: Host default-host starting
2022-11-01 03:42:44,657 INFO  [org.wildfly.extension.undertow] (MSC service thread 1-2) WFLYUT0006: Undertow HTTP listener default listening on 127.0.0.1:8080
2022-11-01 03:42:44,753 INFO  [org.jboss.as.ejb3] (MSC service thread 1-6) WFLYEJB0493: Jakarta Enterprise Beans subsystem suspension complete
2022-11-01 03:42:44,784 INFO  [org.jboss.as.connector.subsystems.datasources] (MSC service thread 1-1) WFLYJCA0001: Bound data source [java:jboss/datasources/ExampleDS]
2022-11-01 03:42:44,818 INFO  [org.jboss.as.patching] (MSC service thread 1-3) WFLYPAT0050: JBoss EAP cumulative patch ID is: jboss-eap-7.4.7.CP, one-off patches include: none
2022-11-01 03:42:44,826 WARN  [org.jboss.as.domain.management.security] (MSC service thread 1-4) WFLYDM0111: Keystore /home/ataxexe/middleware/jboss-eap-7.4/standalone/configuration/application.keystore not found, it will be auto generated on first use with a self signed certificate for host localhost
2022-11-01 03:42:44,831 INFO  [org.jboss.as.server.deployment.scanner] (MSC service thread 1-1) WFLYDS0013: Started FileSystemDeploymentService for directory /home/ataxexe/middleware/jboss-eap-7.4/standalone/deployments
2022-11-01 03:42:44,843 INFO  [org.wildfly.extension.undertow] (MSC service thread 1-3) WFLYUT0006: Undertow HTTPS listener https listening on 127.0.0.1:8443
2022-11-01 03:42:44,886 INFO  [org.jboss.ws.common.management] (MSC service thread 1-5) JBWS022052: Starting JBossWS 5.4.2.Final-redhat-00001 (Apache CXF 3.3.9.redhat-00001) 
2022-11-01 03:42:44,945 INFO  [org.jboss.as.server] (Controller Boot Thread) WFLYSRV0212: Resuming server
2022-11-01 03:42:44,946 INFO  [org.jboss.as] (Controller Boot Thread) WFLYSRV0025: JBoss EAP 7.4.0.GA (WildFly Core 15.0.2.Final-redhat-00001) started in 2094ms - Started 317 of 556 services (343 services are lazy, passive or on-demand)
2022-11-01 03:42:44,947 INFO  [org.jboss.as] (Controller Boot Thread) WFLYSRV0060: Http management interface listening on http://127.0.0.1:9990/management
2022-11-01 03:42:44,947 INFO  [org.jboss.as] (Controller Boot Thread) WFLYSRV0051: Admin console listening on http://127.0.0.1:9990
2022-11-01 03:42:52,194 INFO  [org.jboss.as.server] (Thread-1) WFLYSRV0272: Suspending server
2022-11-01 03:42:52,196 INFO  [org.jboss.as.ejb3] (Thread-1) WFLYEJB0493: Jakarta Enterprise Beans subsystem suspension complete
2022-11-01 03:42:52,197 INFO  [org.jboss.as.server] (Thread-1) WFLYSRV0220: Server shutdown has been requested via an OS signal
2022-11-01 03:42:52,204 INFO  [org.jboss.as.connector.subsystems.datasources] (MSC service thread 1-6) WFLYJCA0010: Unbound data source [java:jboss/datasources/ExampleDS]
2022-11-01 03:42:52,205 INFO  [org.jboss.as.mail.extension] (MSC service thread 1-2) WFLYMAIL0002: Unbound mail session [java:jboss/mail/Default]
2022-11-01 03:42:52,205 INFO  [org.wildfly.extension.undertow] (MSC service thread 1-8) WFLYUT0019: Host default-host stopping
2022-11-01 03:42:52,206 INFO  [org.wildfly.extension.undertow] (MSC service thread 1-3) WFLYUT0008: Undertow HTTP listener default suspending
2022-11-01 03:42:52,207 INFO  [org.wildfly.extension.undertow] (MSC service thread 1-5) WFLYUT0008: Undertow HTTPS listener https suspending
2022-11-01 03:42:52,208 INFO  [org.jboss.as.connector.deployers.jdbc] (MSC service thread 1-4) WFLYJCA0019: Stopped Driver service with driver-name = h2
2022-11-01 03:42:52,208 INFO  [org.wildfly.extension.undertow] (MSC service thread 1-3) WFLYUT0007: Undertow HTTP listener default stopped, was bound to 127.0.0.1:8080
2022-11-01 03:42:52,208 INFO  [org.wildfly.extension.undertow] (MSC service thread 1-5) WFLYUT0007: Undertow HTTPS listener https stopped, was bound to 127.0.0.1:8443
2022-11-01 03:42:52,209 INFO  [org.wildfly.extension.undertow] (MSC service thread 1-2) WFLYUT0004: Undertow 2.2.5.Final-redhat-00001 stopping
2022-11-01 03:42:52,217 INFO  [org.jboss.as] (MSC service thread 1-8) WFLYSRV0050: JBoss EAP 7.4.0.GA (WildFly Core 15.0.2.Final-redhat-00001) stopped in 17ms
